2024-12-27 17:22:04,181 - INFO - 日誌文件位置: /Users/randy/github-repo/freshservice-automation/adata_fs_automation_logs/ticket_update_20241227_172204.log
2024-12-27 17:22:04,181 - INFO - 開始執行程式
2024-12-27 17:22:04,181 - INFO - 開始處理，總計 10 個 tickets
2024-12-27 17:22:04,181 - INFO - 第一個Ticket ID: 6591
2024-12-27 17:22:04,181 - INFO - 最後一個Ticket ID: 6600
2024-12-27 17:22:04,181 - INFO - 處理進度: 1/10 (10.00%)
2024-12-27 17:22:05,416 - INFO - 成功更新 Ticket 6591
2024-12-27 17:22:10,418 - INFO - 處理進度: 2/10 (20.00%)
2024-12-27 17:22:10,984 - INFO - 成功更新 Ticket 6592
2024-12-27 17:22:15,989 - INFO - 處理進度: 3/10 (30.00%)
2024-12-27 17:22:16,605 - INFO - 成功更新 Ticket 6593
2024-12-27 17:22:21,605 - INFO - 處理進度: 4/10 (40.00%)
2024-12-27 17:22:22,313 - INFO - 成功更新 Ticket 6594
2024-12-27 17:22:27,318 - INFO - 處理進度: 5/10 (50.00%)
2024-12-27 17:22:27,822 - INFO - 成功更新 Ticket 6595
2024-12-27 17:22:32,827 - INFO - 處理進度: 6/10 (60.00%)
2024-12-27 17:22:33,371 - INFO - 成功更新 Ticket 6596
2024-12-27 17:22:38,376 - INFO - 處理進度: 7/10 (70.00%)
2024-12-27 17:22:38,863 - INFO - 成功更新 Ticket 6597
2024-12-27 17:22:43,869 - INFO - 處理進度: 8/10 (80.00%)
2024-12-27 17:22:44,409 - INFO - 成功更新 Ticket 6598
2024-12-27 17:22:49,413 - INFO - 處理進度: 9/10 (90.00%)
2024-12-27 17:22:49,902 - INFO - 成功更新 Ticket 6599
2024-12-27 17:22:54,905 - INFO - 處理進度: 10/10 (100.00%)
2024-12-27 17:22:55,453 - INFO - 成功更新 Ticket 6600
2024-12-27 17:22:55,453 - INFO - 處理完成！成功: 10, 失敗: 0
2024-12-27 17:22:55,453 - INFO - 程式執行完成，日誌文件位置: adata_fs_automation_logs/ticket_update_20241227_172204.log
